###############################################################################
#
# IAR C/C++ Compiler V6.40.1.950/W32 for MSP430           05/Feb/2016  11:49:08
# Copyright 1996-2015 IAR Systems AB.
# Standalone license - IAR Embedded Workbench for Texas Instruments MSP430, 8K KickStart Edition 6.40
#
#    __rt_version  =  3
#    __double_size =  32
#    __reg_r4      =  free
#    __reg_r5      =  free
#    __pic         =  no
#    __core        =  430X
#    __data_model  =  small
#    __code_model  =  large
#    Source file   =  C:\Users\David\SkyDrive\ECE 306\homework-03\LED.c
#    Command line  =  
#        "C:\Users\David\SkyDrive\ECE 306\homework-03\LED.c" -lC
#        "C:\Users\David\SkyDrive\ECE 306\homework-03\Debug\List" -o
#        "C:\Users\David\SkyDrive\ECE 306\homework-03\Debug\Obj" --no_cse
#        --no_unroll --no_inline --no_code_motion --no_tbaa --debug
#        -D__MSP430FR5739__ -e --double=32 --dlib_config "C:\Program Files
#        (x86)\IAR Systems\Embedded Workbench 7.3\430\lib\dlib\dl430xlsfn.h"
#        --core=430X --data_model=small -On --multiplier=32
#        --hw_workaround=CPU40 --code_model=large
#    List file     =  
#        C:\Users\David\SkyDrive\ECE 306\homework-03\Debug\List\LED.lst
#    Object file   =  
#        C:\Users\David\SkyDrive\ECE 306\homework-03\Debug\Obj\LED.r43
#
###############################################################################

C:\Users\David\SkyDrive\ECE 306\homework-03\LED.c
      1          //------------------------------------------------------------------------------
      2          //  File Name : LED.c
      3          //
      4          //  Description: This file contains nothing.... yet.
      5          //
      6          //
      7          //  David Pryor
      8          //  Jan 2016
      9          //  Built with IAR Embedded Workbench Version: V7.3.1.3987 (6.40.1)
     10          //------------------------------------------------------------------------------


 

 


Errors: none
Warnings: none
