###############################################################################
#
# IAR C/C++ Compiler V6.40.1.950/W32 for MSP430           21/Apr/2016  02:04:21
# Copyright 1996-2015 IAR Systems AB.
# Standalone license - IAR Embedded Workbench for Texas Instruments MSP430, 8K KickStart Edition 6.40
#
#    __rt_version  =  3
#    __double_size =  32
#    __reg_r4      =  free
#    __reg_r5      =  free
#    __pic         =  no
#    __core        =  430X
#    __data_model  =  small
#    __code_model  =  large
#    Source file   =  
#        C:\Users\David\Documents\ECE 306\Project-08 - Copy\interrupts_timers.c
#    Command line  =  
#        "C:\Users\David\Documents\ECE 306\Project-08 -
#        Copy\interrupts_timers.c" -lC "C:\Users\David\Documents\ECE
#        306\Project-08 - Copy\Debug\List" -o "C:\Users\David\Documents\ECE
#        306\Project-08 - Copy\Debug\Obj" --no_cse --no_unroll --no_inline
#        --no_code_motion --no_tbaa --debug -D__MSP430FR5739__ -e --double=32
#        --dlib_config "C:\Program Files (x86)\IAR Systems\Embedded Workbench
#        7.3\430\lib\dlib\dl430xlsfn.h" --core=430X --data_model=small -On
#        --multiplier=32 --hw_workaround=CPU40 --code_model=large
#    List file     =  
#        C:\Users\David\Documents\ECE 306\Project-08 -
#        Copy\Debug\List\interrupts_timers.lst
#    Object file   =  
#        C:\Users\David\Documents\ECE 306\Project-08 -
#        Copy\Debug\Obj\interrupts_timers.r43
#
###############################################################################

C:\Users\David\Documents\ECE 306\Project-08 - Copy\interrupts_timers.c
      1          //------------------------------------------------------------------------------
      2          //  File Name : interrupts_timers.c
      3          //
      4          //  Description: This file contains the interrupts used for timers
      5          //
      6          //
      7          //  David Pryor
      8          //  Feb 2016
      9          //  Built with IAR Embedded Workbench Version: V7.3.1.3987 (6.40.1)
     10          //------------------------------------------------------------------------------
     11          #include "macros.h"
     12          #include "functions.h"
     13          #include "msp430.h"

   \                                 In  segment DATA16_AN, at 0x23a
   \   union <unnamed> _A_PBIE_L
   \                     _A_PBIE_L:
   \   000000                DS8 2

   \                                 In  segment DATA16_AN, at 0x23c
   \   union <unnamed> _A_PBIFG_L
   \                     _A_PBIFG_L:
   \   000000                DS8 2

   \                                 In  segment DATA16_AN, at 0x342
   \   unsigned short volatile TA0CCTL0
   \                     TA0CCTL0:
   \   000000                DS8 2

   \                                 In  segment DATA16_AN, at 0x352
   \   unsigned short volatile TA0CCR0
   \                     TA0CCR0:
   \   000000                DS8 2

   \                                 In  segment DATA16_AN, at 0x354
   \   unsigned short volatile TA0CCR1
   \                     TA0CCR1:
   \   000000                DS8 2

   \                                 In  segment DATA16_AN, at 0x356
   \   unsigned short volatile TA0CCR2
   \                     TA0CCR2:
   \   000000                DS8 2

   \                                 In  segment DATA16_AN, at 0x36e
   \   unsigned short volatile TA0IV
   \                     TA0IV:
   \   000000                DS8 2
     14          extern volatile unsigned int five_msec_delay;
     15          extern volatile unsigned int switch_one_pressed;
     16          extern volatile unsigned int switch_two_pressed;
     17          extern volatile unsigned int switch_one_debounce;
     18          extern volatile unsigned int switch_two_debounce;
     19          extern volatile unsigned int debounce_count_one;
     20          extern volatile unsigned int debounce_count_two;
     21          extern char *display_4;
     22          extern volatile unsigned int display_count;

   \                                 In  segment DATA16_Z, align 2, align-sorted
   \   000000                REQUIRE ?cstart_init_zero
     23          volatile unsigned int motor_time=RESET;
   \                     motor_time:
   \   000000                DS8 2
     24          extern volatile unsigned int reconnectTimer;
     25          extern volatile unsigned int pingTimer;
     26          extern volatile unsigned int trackTimer;
     27          extern unsigned int startTrackFG;
     28          
     29          //------------------------------------------------------------------------------
     30          // TimerA0 0 Interrupt handler
     31          #pragma vector = TIMER0_A0_VECTOR

   \                                 In  segment ISR_CODE, align 2
     32          __interrupt void Timer0_A0_ISR(void){
   \                     Timer0_A0_ISR:
     33            //==============================================================================
     34            // Timer A0 interrupt CCR0
     35            // 
     36            // Description: creates the interrupt for the timer CCR0
     37            //
     38            // Passed : no variables passed
     39            // Locals: no variables declared
     40            // Returned: no values returned
     41            // Globals:     extern volatile unsigned int switch_one_pressed;
     42            //              extern volatile unsigned int switch_two_pressed;
     43            //              extern volatile unsigned int switch_one_debounce;
     44            //              extern volatile unsigned int switch_two_debounce;
     45            //              extern volatile unsigned int debounce_count_one;
     46            //              extern volatile unsigned int debounce_count_two;
     47            //
     48            // Author: David Pryor
     49            // Date: Feb 2016
     50            // Compiler: Built with IAR Embedded Workbench Version: V4.10A/W32 (6.4.1)
     51            //============================================================================
     52          
     53            if(debounce_count_one < DEBOUNCE_MAX){
   \   000000   B2900A00.... CMP.W   #0xa, &debounce_count_one
   \   000006   022C         JC      ??Timer0_A0_ISR_0
     54              debounce_count_one++;       //if # of overflows is less than required increment
   \   000008   9253....     ADD.W   #0x1, &debounce_count_one
     55            }
     56            if(debounce_count_two < DEBOUNCE_MAX){
   \                     ??Timer0_A0_ISR_0:
   \   00000C   B2900A00.... CMP.W   #0xa, &debounce_count_two
   \   000012   022C         JC      ??Timer0_A0_ISR_1
     57              debounce_count_two++;       //if # of overflows is less than required increment
   \   000014   9253....     ADD.W   #0x1, &debounce_count_two
     58            }
     59            if(debounce_count_one >= DEBOUNCE_MAX){
   \                     ??Timer0_A0_ISR_1:
   \   000018   B2900A00.... CMP.W   #0xa, &debounce_count_one
   \   00001E   0628         JNC     ??Timer0_A0_ISR_2
     60              P4IFG &= ~SW1;              //clear interrupts
   \   000020   D2C33D02     BIC.B   #0x1, &0x23d
     61              P4IE |= SW1;                //enable switch interrupts
   \   000024   D2D33B02     BIS.B   #0x1, &0x23b
     62              switch_one_debounce = SWITCH_OFF;
   \   000028   8243....     MOV.W   #0x0, &switch_one_debounce
     63            }
     64            if(debounce_count_two >= DEBOUNCE_MAX){
   \                     ??Timer0_A0_ISR_2:
   \   00002C   B2900A00.... CMP.W   #0xa, &debounce_count_two
   \   000032   0628         JNC     ??Timer0_A0_ISR_3
     65              P4IFG &= ~SW2;              //clear interrupts
   \   000034   E2C33D02     BIC.B   #0x2, &0x23d
     66              P4IE |= SW2;                //enable switch interrupts
   \   000038   E2D33B02     BIS.B   #0x2, &0x23b
     67              switch_two_debounce = SWITCH_OFF;
   \   00003C   8243....     MOV.W   #0x0, &switch_two_debounce
     68            }
     69            if(!switch_two_debounce && !switch_one_debounce){ //if no debounces
   \                     ??Timer0_A0_ISR_3:
   \   000040   8293....     CMP.W   #0x0, &switch_two_debounce
   \   000044   0620         JNE     ??Timer0_A0_ISR_4
   \   000046   8293....     CMP.W   #0x0, &switch_one_debounce
   \   00004A   0320         JNE     ??Timer0_A0_ISR_4
     70              TA0CCTL0 &= ~CCIE;          //turn off interrupt
   \   00004C   B2C010004203 BIC.W   #0x10, &0x342
     71            }
     72            
     73            TA0CCR0 += TA0CCR0_INTERVAL;  // Add Offset to TACCR0
   \                     ??Timer0_A0_ISR_4:
   \   000052   B250A8615203 ADD.W   #0x61a8, &0x352
     74          }
   \   000058   0013         RETI
   \   00005A                REQUIRE _A_PBIFG_L
   \   00005A                REQUIRE _A_PBIE_L
   \   00005A                REQUIRE TA0CCTL0
   \   00005A                REQUIRE TA0CCR0
     75          //----------------------------------------------------------------------------
     76          
     77          // TimerA0 1-2, Overflow Interrupt Vector (TAIV) handler
     78          #pragma vector = TIMER0_A1_VECTOR

   \                                 In  segment ISR_CODE, align 2
     79          __interrupt void TIMER0_A1_ISR(void){
   \                     TIMER0_A1_ISR:
   \   000000   3F15         PUSHM.W #0x4, R15
     80            //==============================================================================
     81            // Timer A0 interrupt CCR1 and 2
     82            // 
     83            // Description: creates the interrupt for the timer CCR1 and CCR2
     84            //
     85            // Passed : no variables passed
     86            // Locals: no variables declared
     87            // Returned: no values returned
     88            // Globals:     extern volatile unsigned int switch_one_pressed;
     89            //              extern volatile unsigned int switch_two_pressed;
     90            //              extern volatile unsigned int switch_one_debounce;
     91            //              extern volatile unsigned int switch_two_debounce;
     92            //              volatile unsigned int LED_Count
     93            //
     94            // Author: David Pryor
     95            // Date: Feb 2016
     96            // Compiler: Built with IAR Embedded Workbench Version: V4.10A/W32 (6.4.1)
     97            //============================================================================
     98           switch(__even_in_range(TA0IV,OVERFLOW)){
   \   000002   1F426E03     MOV.W   &0x36e, R15
   \   000006   E00F         ADDA    R15, PC
   \                     `?<Jumptable for TIMER0_A1_ISR>_0`:
   \   000008   253C         JMP     ??TIMER0_A1_ISR_0
   \   00000A   063C         JMP     ??TIMER0_A1_ISR_3
   \   00000C   1E3C         JMP     ??TIMER0_A1_ISR_4
   \   00000E   223C         JMP     ??TIMER0_A1_ISR_0
   \   000010   213C         JMP     ??TIMER0_A1_ISR_0
   \   000012   203C         JMP     ??TIMER0_A1_ISR_0
   \   000014   1F3C         JMP     ??TIMER0_A1_ISR_0
   \   000016   1E3C         JMP     ??TIMER0_A1_ISR_0
     99           case SWITCH_OFF: break;                 // No interrupt
    100           
    101           case CCR1:                     // CCR1 not used
    102           five_msec_delay++;
   \                     ??TIMER0_A1_ISR_3:
   \   000018   9253....     ADD.W   #0x1, &five_msec_delay
    103           display_count++;
   \   00001C   9253....     ADD.W   #0x1, &display_count
    104           if(display_count >= FOR_150_MSEC){    // update screen every 250 msec
   \   000020   B2901E00.... CMP.W   #0x1e, &display_count
   \   000026   0428         JNC     ??TIMER0_A1_ISR_1
    105                Display_Process();
   \   000028   ........     CALLA   #Display_Process
    106                display_count = SWITCH_OFF;
   \   00002C   8243....     MOV.W   #0x0, &display_count
    107           }
    108           pingTimer++;
   \                     ??TIMER0_A1_ISR_1:
   \   000030   9253....     ADD.W   #0x1, &pingTimer
    109           reconnectTimer++;
   \   000034   9253....     ADD.W   #0x1, &reconnectTimer
    110           if(startTrackFG){
   \   000038   8293....     CMP.W   #0x0, &startTrackFG
   \   00003C   0224         JEQ     ??TIMER0_A1_ISR_2
    111            trackTimer++;
   \   00003E   9253....     ADD.W   #0x1, &trackTimer
    112           } 
    113           TA0CCR1 += TA0CCR1_INTERVAL;   // Add Offset to TACCR1
   \                     ??TIMER0_A1_ISR_2:
   \   000042   B250C4095403 ADD.W   #0x9c4, &0x354
    114           break;
   \   000048   053C         JMP     ??TIMER0_A1_ISR_0
    115           
    116           case CCR2: // CCR2 for 1msec
    117           //...... Add What you need happen in the interrupt ......
    118           motor_time++;
   \                     ??TIMER0_A1_ISR_4:
   \   00004A   9253....     ADD.W   #0x1, &motor_time
    119           TA0CCR2 += TA0CCR2_INTERVAL; // Add Offset to TACCR2
   \   00004E   B250FA005603 ADD.W   #0xfa, &0x356
    120           break;
    121           //case OVERFLOW: // overflow
    122           //...... Add What you need happen in the interrupt ......
    123           //break;
    124           default: break;
    125           }
    126          }
   \                     ??TIMER0_A1_ISR_0:
   \   000054   3C17         POPM.W  #0x4, R15
   \   000056   0013         RETI
   \   000058                REQUIRE TA0CCR1
   \   000058                REQUIRE TA0CCR2
   \   000058                REQUIRE TA0IV

   \                                 In  segment INTVEC, offset 0x58, root
   \                     `??TIMER0_A1_ISR::??INTVEC 88`:
   \   000058   ....         DC16    TIMER0_A1_ISR

   \                                 In  segment INTVEC, offset 0x5a, root
   \                     `??Timer0_A0_ISR::??INTVEC 90`:
   \   00005A   ....         DC16    Timer0_A0_ISR
    127          //----------------------------------------------------------------------------

   Maximum stack usage in bytes:

   CSTACK Function
   ------ --------
     12   TIMER0_A1_ISR
       12   -> Display_Process
      4   Timer0_A0_ISR


   Segment part sizes:

   Bytes  Function/Label
   -----  --------------
       2  TA0CCR0
       2  TA0CCR1
       2  TA0CCR2
       2  TA0CCTL0
       2  TA0IV
      88  TIMER0_A1_ISR
       2  TIMER0_A1_ISR::??INTVEC 88
      90  Timer0_A0_ISR
       2  Timer0_A0_ISR::??INTVEC 90
       2  _A_PBIE_L
       2  _A_PBIFG_L
       2  motor_time

 
  14 bytes in segment DATA16_AN
   2 bytes in segment DATA16_Z
   4 bytes in segment INTVEC
 178 bytes in segment ISR_CODE
 
 178 bytes of CODE  memory
   0 bytes of CONST memory (+  4 bytes shared)
   2 bytes of DATA  memory (+ 14 bytes shared)

Errors: none
Warnings: none
